app/build/intermediates/manifest_merge_blame_file/debug/manifest-merger-blame-debug-report.txt
1<?xml version="1.0" encoding="utf-8"?>
2<manifest xmlns:android="http://schemas.android.com/apk/res/android"
3    package="com.justforentrepreneurs.j4eapp"
4    android:versionCode="6"
5    android:versionName="4.0.1" >
6
7    <uses-sdk
7-->src/main/AndroidManifest.xml:6:5-70
8        android:minSdkVersion="23"
8-->src/main/AndroidManifest.xml:6:5-70
9        android:targetSdkVersion="32" />
9-->src/main/AndroidManifest.xml:6:5-70
10    <!-- PERMISSIONS -->
11    <uses-permission android:name="android.permission.INTERNET" />
11-->src/main/AndroidManifest.xml:8:5-67
11-->src/main/AndroidManifest.xml:8:22-64
12    <uses-permission android:name="android.permission.ACCESS_NETWORK_STATE" />
12-->src/main/AndroidManifest.xml:9:5-79
12-->src/main/AndroidManifest.xml:9:22-76
13    <uses-permission android:name="android.permission.ACCESS_WIFI_STATE" />
13-->src/main/AndroidManifest.xml:10:5-76
13-->src/main/AndroidManifest.xml:10:22-73
14    <uses-permission android:name="android.permission.CAMERA" />
14-->src/main/AndroidManifest.xml:11:5-65
14-->src/main/AndroidManifest.xml:11:22-62
15    <uses-permission android:name="android.permission.WAKE_LOCK" />
15-->src/main/AndroidManifest.xml:12:5-68
15-->src/main/AndroidManifest.xml:12:22-65
16    <uses-permission android:name="android.permission.ACCESS_COARSE_LOCATION" />
16-->src/main/AndroidManifest.xml:13:5-81
16-->src/main/AndroidManifest.xml:13:22-78
17    <uses-permission android:name="android.permission.ACCESS_FINE_LOCATION" />
17-->src/main/AndroidManifest.xml:14:5-79
17-->src/main/AndroidManifest.xml:14:22-76
18    <uses-permission android:name="android.permission.RECEIVE_BOOT_COMPLETED" />
18-->src/main/AndroidManifest.xml:15:5-81
18-->src/main/AndroidManifest.xml:15:22-78
19    <uses-permission android:name="android.permission.FOREGROUND_SERVICE" />
19-->src/main/AndroidManifest.xml:16:5-77
19-->src/main/AndroidManifest.xml:16:22-74
20    <uses-permission android:name="android.permission.USE_FULL_SCREEN_INTENT" />
20-->src/main/AndroidManifest.xml:17:5-81
20-->src/main/AndroidManifest.xml:17:22-78
21    <uses-permission android:name="android.permission.READ_EXTERNAL_STORAGE" />
21-->src/main/AndroidManifest.xml:18:5-80
21-->src/main/AndroidManifest.xml:18:22-77
22    <uses-permission android:name="android.permission.WRITE_EXTERNAL_STORAGE" />
22-->src/main/AndroidManifest.xml:19:5-81
22-->src/main/AndroidManifest.xml:19:22-78
23    <uses-permission android:name="android.permission.GET_ACCOUNTS" /> <!-- To use account credentials -->
23-->src/main/AndroidManifest.xml:20:5-71
23-->src/main/AndroidManifest.xml:20:22-68
24    <uses-permission android:name="android.permission.USE_CREDENTIALS" />
24-->src/main/AndroidManifest.xml:21:5-74
24-->src/main/AndroidManifest.xml:21:22-71
25
26    <uses-feature
26-->src/main/AndroidManifest.xml:23:5-25:36
27        android:name="android.hardware.location.network"
27-->src/main/AndroidManifest.xml:24:9-57
28        android:required="false" />
28-->src/main/AndroidManifest.xml:25:9-33
29    <uses-feature
29-->src/main/AndroidManifest.xml:26:5-28:36
30        android:name="android.hardware.location.gps"
30-->src/main/AndroidManifest.xml:27:9-53
31        android:required="false" />
31-->src/main/AndroidManifest.xml:28:9-33
32
33    <uses-permission android:name="android.permission.READ_CONTACTS" />
33-->[com.github.broakenmedia:MultiContactPicker:1.8.5] AndroidManifest.xml:11:5-72
33-->[com.github.broakenmedia:MultiContactPicker:1.8.5] AndroidManifest.xml:11:22-69
34    <uses-permission android:name="android.permission.READ_PHONE_STATE" />
35
36    <queries>
36-->[com.github.CanHub:Android-Image-Cropper:2.1.1] AndroidManifest.xml:11:5-22:15
37        <intent>
37-->[com.github.CanHub:Android-Image-Cropper:2.1.1] AndroidManifest.xml:12:9-18:18
38            <action android:name="android.intent.action.GET_CONTENT" />
38-->[com.github.CanHub:Android-Image-Cropper:2.1.1] AndroidManifest.xml:13:13-72
38-->[com.github.CanHub:Android-Image-Cropper:2.1.1] AndroidManifest.xml:13:21-69
39
40            <category android:name="android.intent.category.OPENABLE" />
40-->[com.github.CanHub:Android-Image-Cropper:2.1.1] AndroidManifest.xml:15:13-73
40-->[com.github.CanHub:Android-Image-Cropper:2.1.1] AndroidManifest.xml:15:23-70
41
42            <data android:mimeType="*/*" />
42-->src/main/AndroidManifest.xml:304:17-75
43        </intent>
44        <intent>
44-->[com.github.CanHub:Android-Image-Cropper:2.1.1] AndroidManifest.xml:19:9-21:18
45            <action android:name="android.media.action.IMAGE_CAPTURE" />
45-->[com.github.CanHub:Android-Image-Cropper:2.1.1] AndroidManifest.xml:20:13-73
45-->[com.github.CanHub:Android-Image-Cropper:2.1.1] AndroidManifest.xml:20:21-70
46        </intent>
47        <!-- Needs to be explicitly declared on Android R+ -->
48        <package android:name="com.google.android.apps.maps" /> <!-- For browser content -->
48-->[com.google.android.gms:play-services-maps:17.0.1] AndroidManifest.xml:33:9-64
48-->[com.google.android.gms:play-services-maps:17.0.1] AndroidManifest.xml:33:18-61
49        <intent>
49-->[com.google.android.gms:play-services-ads-lite:19.7.0] AndroidManifest.xml:30:9-36:18
50            <action android:name="android.intent.action.VIEW" />
50-->src/main/AndroidManifest.xml:299:17-69
50-->src/main/AndroidManifest.xml:299:25-66
51
52            <category android:name="android.intent.category.BROWSABLE" />
52-->src/main/AndroidManifest.xml:302:17-78
52-->src/main/AndroidManifest.xml:302:27-75
53
54            <data android:scheme="https" />
54-->src/main/AndroidManifest.xml:304:17-75
54-->src/main/AndroidManifest.xml:304:23-72
55        </intent> <!-- End of browser content -->
56        <!-- For CustomTabsService -->
57        <intent>
57-->[com.google.android.gms:play-services-ads-lite:19.7.0] AndroidManifest.xml:39:9-41:18
58            <action android:name="android.support.customtabs.action.CustomTabsService" />
58-->[com.google.android.gms:play-services-ads-lite:19.7.0] AndroidManifest.xml:40:13-90
58-->[com.google.android.gms:play-services-ads-lite:19.7.0] AndroidManifest.xml:40:21-87
59        </intent>
60    </queries>
61
62    <uses-feature
62-->[com.google.android.gms:play-services-maps:17.0.1] AndroidManifest.xml:26:5-28:35
63        android:glEsVersion="0x00020000"
63-->[com.google.android.gms:play-services-maps:17.0.1] AndroidManifest.xml:27:9-41
64        android:required="true" /> <!-- Required by older versions of Google Play services to create IID tokens -->
64-->[com.google.android.gms:play-services-maps:17.0.1] AndroidManifest.xml:28:9-32
65    <uses-permission android:name="com.google.android.c2dm.permission.RECEIVE" />
65-->[com.google.firebase:firebase-messaging:23.0.0] AndroidManifest.xml:25:5-82
65-->[com.google.firebase:firebase-messaging:23.0.0] AndroidManifest.xml:25:22-79
66    <uses-permission android:name="com.google.android.finsky.permission.BIND_GET_INSTALL_REFERRER_SERVICE" />
66-->[com.google.android.gms:play-services-measurement:20.0.0] AndroidManifest.xml:26:5-110
66-->[com.google.android.gms:play-services-measurement:20.0.0] AndroidManifest.xml:26:22-107
67
68    <application
68-->src/main/AndroidManifest.xml:30:5-450:19
69        android:name="com.justforentrepreneurs.j4eapp.abmainj4e.J4EApp"
69-->src/main/AndroidManifest.xml:31:9-41
70        android:allowBackup="false"
70-->src/main/AndroidManifest.xml:32:9-36
71        android:debuggable="true"
72        android:extractNativeLibs="false"
73        android:icon="@drawable/j4e_app_logo"
73-->src/main/AndroidManifest.xml:33:9-46
74        android:label="@string/app_name"
74-->src/main/AndroidManifest.xml:34:9-41
75        android:requestLegacyExternalStorage="true"
75-->src/main/AndroidManifest.xml:35:9-52
76        android:roundIcon="@drawable/j4e_app_logo"
76-->src/main/AndroidManifest.xml:36:9-51
77        android:supportsRtl="false"
77-->src/main/AndroidManifest.xml:37:9-36
78        android:testOnly="true"
79        android:theme="@style/AppTheme"
79-->src/main/AndroidManifest.xml:38:9-40
80        android:usesCleartextTraffic="true" >
80-->src/main/AndroidManifest.xml:39:9-44
81        <activity
81-->src/main/AndroidManifest.xml:42:9-44:40
82            android:name="com.justforentrepreneurs.j4eapp.abmainj4e.ui.profile.BusinessCardActivity"
82-->src/main/AndroidManifest.xml:43:13-70
83            android:exported="false" />
83-->src/main/AndroidManifest.xml:44:13-37
84        <activity
84-->src/main/AndroidManifest.xml:45:9-47:40
85            android:name="com.justforentrepreneurs.j4eapp.abmainj4e.ui.allmembers.AllMembersActivity"
85-->src/main/AndroidManifest.xml:46:13-71
86            android:exported="false" />
86-->src/main/AndroidManifest.xml:47:13-37
87        <activity
87-->src/main/AndroidManifest.xml:49:9-51:40
88            android:name="com.justforentrepreneurs.j4eapp.abmainj4e.ui.homemydiary.myrefrral.receive.ReferralReceivedActivity"
88-->src/main/AndroidManifest.xml:50:13-96
89            android:exported="false" />
89-->src/main/AndroidManifest.xml:51:13-37
90        <activity
90-->src/main/AndroidManifest.xml:52:9-54:40
91            android:name="com.justforentrepreneurs.j4eapp.abmainj4e.ui.homemydiary.myrefrral.givan.ReferralGivenActivity"
91-->src/main/AndroidManifest.xml:53:13-91
92            android:exported="false" />
92-->src/main/AndroidManifest.xml:54:13-37
93        <activity
93-->src/main/AndroidManifest.xml:55:9-57:40
94            android:name="com.justforentrepreneurs.j4eapp.abmainj4e.ui.homeService.CreateReferralActivity"
94-->src/main/AndroidManifest.xml:56:13-76
95            android:exported="false" />
95-->src/main/AndroidManifest.xml:57:13-37
96        <activity
96-->src/main/AndroidManifest.xml:58:9-60:40
97            android:name="com.justforentrepreneurs.j4eapp.abmainj4e.ui.homemydiary.mymembershipbenefits.SubscribePlanActivity"
97-->src/main/AndroidManifest.xml:59:13-96
98            android:exported="false" />
98-->src/main/AndroidManifest.xml:60:13-37
99        <activity
99-->src/main/AndroidManifest.xml:61:9-63:40
100            android:name="com.justforentrepreneurs.j4eapp.abmainj4e.ui.homemydiary.mymembershipbenefits.NewMyMembershipDetailsActivity"
100-->src/main/AndroidManifest.xml:62:13-105
101            android:exported="false" />
101-->src/main/AndroidManifest.xml:63:13-37
102        <activity
102-->src/main/AndroidManifest.xml:64:9-66:40
103            android:name="com.justforentrepreneurs.j4eapp.abmainj4e.ui.terms.PrivacyAndPolicyActivity"
103-->src/main/AndroidManifest.xml:65:13-72
104            android:exported="false" />
104-->src/main/AndroidManifest.xml:66:13-37
105        <activity
105-->src/main/AndroidManifest.xml:67:9-69:40
106            android:name="com.justforentrepreneurs.j4eapp.abmainj4e.ui.terms.TermsAndConditionActivity"
106-->src/main/AndroidManifest.xml:68:13-73
107            android:exported="false" /> <!-- <service -->
107-->src/main/AndroidManifest.xml:69:13-37
108        <!-- android:name=".services.CompleteSetupService" -->
109        <!-- android:enabled="true" -->
110        <!-- android:exported="false" /> -->
111        <!-- <service -->
112        <!-- android:name=".services.BackupService" -->
113        <!-- android:enabled="true" -->
114        <!-- android:exported="false" /> -->
115        <uses-library
115-->src/main/AndroidManifest.xml:77:9-79:40
116            android:name="org.apache.http.legacy"
116-->src/main/AndroidManifest.xml:78:13-50
117            android:required="false" /> <!-- ACTIVITIES -->
117-->src/main/AndroidManifest.xml:79:13-37
118        <activity
118-->src/main/AndroidManifest.xml:80:9-83:39
119            android:name="com.canhub.cropper.CropImageActivity"
119-->src/main/AndroidManifest.xml:81:13-64
120            android:exported="false"
120-->src/main/AndroidManifest.xml:83:13-37
121            android:theme="@style/AppTheme" /> <!-- <service -->
121-->src/main/AndroidManifest.xml:82:13-44
122
123        <provider
124            android:name="androidx.core.content.FileProvider"
124-->src/main/AndroidManifest.xml:86:13-62
125            android:authorities="com.justforentrepreneurs.j4eapp.provider"
125-->src/main/AndroidManifest.xml:87:13-60
126            android:exported="false"
126-->src/main/AndroidManifest.xml:88:13-37
127            android:grantUriPermissions="true" >
127-->src/main/AndroidManifest.xml:89:13-47
128            <meta-data
128-->src/main/AndroidManifest.xml:91:13-93:58
129                android:name="android.support.FILE_PROVIDER_PATHS"
129-->src/main/AndroidManifest.xml:92:17-67
130                android:resource="@xml/provider_paths" />
130-->src/main/AndroidManifest.xml:93:17-55
131        </provider>
132
133        <meta-data
133-->src/main/AndroidManifest.xml:96:9-98:55
134            android:name="com.google.android.geo.API_KEY"
134-->src/main/AndroidManifest.xml:97:13-58
135            android:value="@string/google_maps_key" />
135-->src/main/AndroidManifest.xml:98:13-52
136        <meta-data
136-->src/main/AndroidManifest.xml:99:9-101:52
137            android:name="com.google.android.gms.ads.APPLICATION_ID"
137-->src/main/AndroidManifest.xml:100:13-69
138            android:value="@string/admob_app_id" /> <!-- //j4e -->
138-->src/main/AndroidManifest.xml:101:13-49
139        <activity
139-->src/main/AndroidManifest.xml:102:9-107:39
140            android:name="com.justforentrepreneurs.j4eapp.abmainj4e.ui.homemydiary.myevents.MapsEventsActivity"
140-->src/main/AndroidManifest.xml:103:13-81
141            android:exported="false"
141-->src/main/AndroidManifest.xml:107:13-37
142            android:label="@string/title_activity_maps_events"
142-->src/main/AndroidManifest.xml:104:13-63
143            android:screenOrientation="portrait" />
143-->src/main/AndroidManifest.xml:105:13-49
144        <activity
144-->src/main/AndroidManifest.xml:108:9-111:39
145            android:name="com.justforentrepreneurs.j4eapp.abmainj4e.ui.homemydiary.pendingresponsibilities.CreateFollowUpActivity"
145-->src/main/AndroidManifest.xml:109:13-100
146            android:exported="false"
146-->src/main/AndroidManifest.xml:111:13-37
147            android:screenOrientation="portrait" />
147-->src/main/AndroidManifest.xml:110:13-49
148        <activity
148-->src/main/AndroidManifest.xml:112:9-115:39
149            android:name="com.justforentrepreneurs.j4eapp.abmainj4e.ui.homeService.CreateBuddyMeetActivity"
149-->src/main/AndroidManifest.xml:113:13-77
150            android:exported="false"
150-->src/main/AndroidManifest.xml:115:13-37
151            android:screenOrientation="portrait" />
151-->src/main/AndroidManifest.xml:114:13-49
152        <activity
152-->src/main/AndroidManifest.xml:116:9-119:39
153            android:name="com.justforentrepreneurs.j4eapp.abmainj4e.ui.drawer.toprankings.TopRankingActivity"
153-->src/main/AndroidManifest.xml:117:13-79
154            android:exported="false"
154-->src/main/AndroidManifest.xml:119:13-37
155            android:screenOrientation="portrait" />
155-->src/main/AndroidManifest.xml:118:13-49
156        <activity
156-->src/main/AndroidManifest.xml:120:9-123:39
157            android:name="com.justforentrepreneurs.j4eapp.abmainj4e.ui.homeService.CreateOfflineBusinessActivity"
157-->src/main/AndroidManifest.xml:121:13-83
158            android:exported="false"
158-->src/main/AndroidManifest.xml:123:13-37
159            android:screenOrientation="portrait" />
159-->src/main/AndroidManifest.xml:122:13-49
160        <activity
160-->src/main/AndroidManifest.xml:124:9-128:39
161            android:name="com.justforentrepreneurs.j4eapp.abmainj4e.ui.homeService.CreatePostsActivity"
161-->src/main/AndroidManifest.xml:125:13-73
162            android:exported="false"
162-->src/main/AndroidManifest.xml:128:13-37
163            android:screenOrientation="portrait"
163-->src/main/AndroidManifest.xml:126:13-49
164            android:windowSoftInputMode="adjustPan" />
164-->src/main/AndroidManifest.xml:127:13-52
165        <activity
165-->src/main/AndroidManifest.xml:129:9-132:39
166            android:name="com.justforentrepreneurs.j4eapp.abmainj4e.ui.homeService.CreateEventsActivity"
166-->src/main/AndroidManifest.xml:130:13-74
167            android:exported="false"
167-->src/main/AndroidManifest.xml:132:13-37
168            android:screenOrientation="portrait" />
168-->src/main/AndroidManifest.xml:131:13-49
169        <activity
169-->src/main/AndroidManifest.xml:133:9-136:39
170            android:name="com.justforentrepreneurs.j4eapp.abmainj4e.ui.homeService.UpdateEventsActivity"
170-->src/main/AndroidManifest.xml:134:13-74
171            android:exported="false"
171-->src/main/AndroidManifest.xml:136:13-37
172            android:screenOrientation="portrait" />
172-->src/main/AndroidManifest.xml:135:13-49
173        <activity
173-->src/main/AndroidManifest.xml:137:9-140:39
174            android:name="com.justforentrepreneurs.j4eapp.abmainj4e.ui.homeService.CreateRequirementActivity"
174-->src/main/AndroidManifest.xml:138:13-79
175            android:exported="false"
175-->src/main/AndroidManifest.xml:140:13-37
176            android:screenOrientation="portrait" />
176-->src/main/AndroidManifest.xml:139:13-49
177        <activity
177-->src/main/AndroidManifest.xml:141:9-144:39
178            android:name="com.justforentrepreneurs.j4eapp.abmainj4e.ui.homemydiary.myrecognition.MyRecognitionAddActivity"
178-->src/main/AndroidManifest.xml:142:13-92
179            android:exported="false"
179-->src/main/AndroidManifest.xml:144:13-37
180            android:screenOrientation="portrait" />
180-->src/main/AndroidManifest.xml:143:13-49
181        <activity
181-->src/main/AndroidManifest.xml:145:9-148:39
182            android:name="com.justforentrepreneurs.j4eapp.abmainj4e.ui.homemydiary.mymembershipbenefits.MembershipAddActivity"
182-->src/main/AndroidManifest.xml:146:13-96
183            android:exported="false"
183-->src/main/AndroidManifest.xml:148:13-37
184            android:screenOrientation="portrait" />
184-->src/main/AndroidManifest.xml:147:13-49
185        <activity
185-->src/main/AndroidManifest.xml:149:9-152:39
186            android:name="com.justforentrepreneurs.j4eapp.abmainj4e.ui.homemydiary.mymembershipbenefits.FirstLoginMembershipAddActivity"
186-->src/main/AndroidManifest.xml:150:13-106
187            android:exported="false"
187-->src/main/AndroidManifest.xml:152:13-37
188            android:screenOrientation="portrait" />
188-->src/main/AndroidManifest.xml:151:13-49
189        <activity
189-->src/main/AndroidManifest.xml:153:9-156:39
190            android:name="com.justforentrepreneurs.j4eapp.abmainj4e.ui.drawer.mydiary.MyLeads.RecommendedLeadActivity"
190-->src/main/AndroidManifest.xml:154:13-88
191            android:exported="false"
191-->src/main/AndroidManifest.xml:156:13-37
192            android:screenOrientation="portrait" />
192-->src/main/AndroidManifest.xml:155:13-49
193        <activity
193-->src/main/AndroidManifest.xml:157:9-160:39
194            android:name="com.justforentrepreneurs.j4eapp.abmainj4e.ui.drawer.mydiary.MyLeads.MyLeadsStatusAddActivity"
194-->src/main/AndroidManifest.xml:158:13-89
195            android:exported="false"
195-->src/main/AndroidManifest.xml:160:13-37
196            android:screenOrientation="portrait" />
196-->src/main/AndroidManifest.xml:159:13-49
197        <activity
197-->src/main/AndroidManifest.xml:161:9-164:39
198            android:name="com.justforentrepreneurs.j4eapp.abmainj4e.ui.drawer.mydiary.MyLeads.MyLeadsStatusListActivity"
198-->src/main/AndroidManifest.xml:162:13-90
199            android:exported="false"
199-->src/main/AndroidManifest.xml:164:13-37
200            android:screenOrientation="portrait" />
200-->src/main/AndroidManifest.xml:163:13-49
201        <activity
201-->src/main/AndroidManifest.xml:165:9-168:39
202            android:name="com.justforentrepreneurs.j4eapp.abmainj4e.ui.drawer.mydiary.MyLeads.MyLeadsDetailActivity"
202-->src/main/AndroidManifest.xml:166:13-86
203            android:exported="false"
203-->src/main/AndroidManifest.xml:168:13-37
204            android:screenOrientation="portrait" />
204-->src/main/AndroidManifest.xml:167:13-49
205        <activity
205-->src/main/AndroidManifest.xml:169:9-172:39
206            android:name="com.justforentrepreneurs.j4eapp.abmainj4e.ui.homemydiary.myevents.EventJoinerActivity"
206-->src/main/AndroidManifest.xml:170:13-82
207            android:exported="false"
207-->src/main/AndroidManifest.xml:172:13-37
208            android:screenOrientation="portrait" />
208-->src/main/AndroidManifest.xml:171:13-49
209        <activity
209-->src/main/AndroidManifest.xml:173:9-176:39
210            android:name="com.justforentrepreneurs.j4eapp.abmainj4e.ui.homemydiary.myevents.EventStatusActivity"
210-->src/main/AndroidManifest.xml:174:13-82
211            android:exported="false"
211-->src/main/AndroidManifest.xml:176:13-37
212            android:screenOrientation="portrait" />
212-->src/main/AndroidManifest.xml:175:13-49
213        <activity
213-->src/main/AndroidManifest.xml:177:9-180:39
214            android:name="com.justforentrepreneurs.j4eapp.abmainj4e.ui.homemydiary.searchalldata.SearchActivityHome"
214-->src/main/AndroidManifest.xml:178:13-86
215            android:exported="false"
215-->src/main/AndroidManifest.xml:180:13-37
216            android:screenOrientation="portrait" />
216-->src/main/AndroidManifest.xml:179:13-49
217        <activity
217-->src/main/AndroidManifest.xml:181:9-184:39
218            android:name="com.justforentrepreneurs.j4eapp.abmainj4e.ui.homemydiary.myevents.EventBookingActivity"
218-->src/main/AndroidManifest.xml:182:13-83
219            android:exported="false"
219-->src/main/AndroidManifest.xml:184:13-37
220            android:screenOrientation="portrait" />
220-->src/main/AndroidManifest.xml:183:13-49
221        <activity
221-->src/main/AndroidManifest.xml:185:9-188:39
222            android:name="com.justforentrepreneurs.j4eapp.abmainj4e.ui.profile.ProfileContactUsEditActivity"
222-->src/main/AndroidManifest.xml:186:13-78
223            android:exported="false"
223-->src/main/AndroidManifest.xml:188:13-37
224            android:screenOrientation="portrait" />
224-->src/main/AndroidManifest.xml:187:13-49
225        <activity
225-->src/main/AndroidManifest.xml:189:9-192:39
226            android:name="com.justforentrepreneurs.j4eapp.abmainj4e.ui.profile.ProfileAboutUsEditActivity"
226-->src/main/AndroidManifest.xml:190:13-76
227            android:exported="false"
227-->src/main/AndroidManifest.xml:192:13-37
228            android:screenOrientation="portrait" />
228-->src/main/AndroidManifest.xml:191:13-49
229        <activity
229-->src/main/AndroidManifest.xml:193:9-196:39
230            android:name="com.justforentrepreneurs.j4eapp.abmainj4e.ui.profile.ProfileActivity"
230-->src/main/AndroidManifest.xml:194:13-65
231            android:exported="false"
231-->src/main/AndroidManifest.xml:196:13-37
232            android:screenOrientation="portrait" />
232-->src/main/AndroidManifest.xml:195:13-49
233        <activity
233-->src/main/AndroidManifest.xml:197:9-200:39
234            android:name="com.justforentrepreneurs.j4eapp.abmainj4e.ui.drawer.setting.SettingActivity"
234-->src/main/AndroidManifest.xml:198:13-72
235            android:exported="false"
235-->src/main/AndroidManifest.xml:200:13-37
236            android:screenOrientation="portrait" />
236-->src/main/AndroidManifest.xml:199:13-49
237        <activity
237-->src/main/AndroidManifest.xml:201:9-204:39
238            android:name="com.justforentrepreneurs.j4eapp.abmainj4e.ui.drawer.aboutus.AboutUsActivity"
238-->src/main/AndroidManifest.xml:202:13-72
239            android:exported="false"
239-->src/main/AndroidManifest.xml:204:13-37
240            android:screenOrientation="portrait" />
240-->src/main/AndroidManifest.xml:203:13-49
241        <activity
241-->src/main/AndroidManifest.xml:205:9-208:39
242            android:name="com.justforentrepreneurs.j4eapp.abmainj4e.ui.drawer.supportfeedback.J4ERatingandReviewActivity"
242-->src/main/AndroidManifest.xml:206:13-91
243            android:exported="false"
243-->src/main/AndroidManifest.xml:208:13-37
244            android:screenOrientation="portrait" />
244-->src/main/AndroidManifest.xml:207:13-49
245        <activity
245-->src/main/AndroidManifest.xml:209:9-212:39
246            android:name="com.justforentrepreneurs.j4eapp.abmainj4e.ui.drawer.supportfeedback.FeedbackEventActivity"
246-->src/main/AndroidManifest.xml:210:13-86
247            android:exported="false"
247-->src/main/AndroidManifest.xml:212:13-37
248            android:screenOrientation="portrait" />
248-->src/main/AndroidManifest.xml:211:13-49
249        <activity
249-->src/main/AndroidManifest.xml:213:9-216:39
250            android:name="com.justforentrepreneurs.j4eapp.abmainj4e.ui.drawer.supportfeedback.ReviewActivity"
250-->src/main/AndroidManifest.xml:214:13-79
251            android:exported="false"
251-->src/main/AndroidManifest.xml:216:13-37
252            android:screenOrientation="portrait" />
252-->src/main/AndroidManifest.xml:215:13-49
253        <activity
253-->src/main/AndroidManifest.xml:217:9-220:39
254            android:name="com.justforentrepreneurs.j4eapp.abmainj4e.ui.drawer.j4emembers.J4EMembersActivity"
254-->src/main/AndroidManifest.xml:218:13-78
255            android:exported="false"
255-->src/main/AndroidManifest.xml:220:13-37
256            android:screenOrientation="portrait" />
256-->src/main/AndroidManifest.xml:219:13-49
257        <activity
257-->src/main/AndroidManifest.xml:221:9-224:39
258            android:name="com.justforentrepreneurs.j4eapp.abmainj4e.ui.homemydiary.pendingresponsibilities.PendingResponsibilitiesActivity"
258-->src/main/AndroidManifest.xml:222:13-109
259            android:exported="false"
259-->src/main/AndroidManifest.xml:224:13-37
260            android:screenOrientation="portrait" />
260-->src/main/AndroidManifest.xml:223:13-49
261        <activity
261-->src/main/AndroidManifest.xml:225:9-228:39
262            android:name="com.justforentrepreneurs.j4eapp.abmainj4e.ui.homemydiary.myreportcard.MyReportCardActivity"
262-->src/main/AndroidManifest.xml:226:13-87
263            android:exported="false"
263-->src/main/AndroidManifest.xml:228:13-37
264            android:screenOrientation="portrait" />
264-->src/main/AndroidManifest.xml:227:13-49
265        <activity
265-->src/main/AndroidManifest.xml:229:9-232:39
266            android:name="com.justforentrepreneurs.j4eapp.abmainj4e.ui.homemydiary.recommended.RecommendedActivity"
266-->src/main/AndroidManifest.xml:230:13-85
267            android:exported="false"
267-->src/main/AndroidManifest.xml:232:13-37
268            android:screenOrientation="portrait" />
268-->src/main/AndroidManifest.xml:231:13-49
269        <activity
269-->src/main/AndroidManifest.xml:233:9-236:39
270            android:name="com.justforentrepreneurs.j4eapp.abmainj4e.ui.homemydiary.mymembershipbenefits.MyMembershipBenefitsActivity"
270-->src/main/AndroidManifest.xml:234:13-103
271            android:exported="false"
271-->src/main/AndroidManifest.xml:236:13-37
272            android:screenOrientation="portrait" />
272-->src/main/AndroidManifest.xml:235:13-49
273        <activity
273-->src/main/AndroidManifest.xml:237:9-240:39
274            android:name="com.justforentrepreneurs.j4eapp.abmainj4e.ui.homemydiary.myrecognition.MyRecognitionActivity"
274-->src/main/AndroidManifest.xml:238:13-89
275            android:exported="false"
275-->src/main/AndroidManifest.xml:240:13-37
276            android:screenOrientation="portrait" />
276-->src/main/AndroidManifest.xml:239:13-49
277        <activity
277-->src/main/AndroidManifest.xml:241:9-244:39
278            android:name="com.justforentrepreneurs.j4eapp.abmainj4e.ui.homemydiary.myawardrecognition.MyAwardRecognitionActivity"
278-->src/main/AndroidManifest.xml:242:13-99
279            android:exported="false"
279-->src/main/AndroidManifest.xml:244:13-37
280            android:screenOrientation="portrait" />
280-->src/main/AndroidManifest.xml:243:13-49
281        <activity
281-->src/main/AndroidManifest.xml:245:9-248:39
282            android:name="com.justforentrepreneurs.j4eapp.abmainj4e.ui.homemydiary.mytestimonials.MyTestimonialsActivity"
282-->src/main/AndroidManifest.xml:246:13-91
283            android:exported="false"
283-->src/main/AndroidManifest.xml:248:13-37
284            android:screenOrientation="portrait" />
284-->src/main/AndroidManifest.xml:247:13-49
285        <activity
285-->src/main/AndroidManifest.xml:249:9-252:39
286            android:name="com.justforentrepreneurs.j4eapp.abmainj4e.ui.homemydiary.mybusinesstransactions.MyBusinessTransactionsActivity"
286-->src/main/AndroidManifest.xml:250:13-107
287            android:exported="false"
287-->src/main/AndroidManifest.xml:252:13-37
288            android:screenOrientation="portrait" />
288-->src/main/AndroidManifest.xml:251:13-49
289        <activity
289-->src/main/AndroidManifest.xml:253:9-256:39
290            android:name="com.justforentrepreneurs.j4eapp.abmainj4e.ui.homemydiary.mybuddies.MyBuddiesActivity"
290-->src/main/AndroidManifest.xml:254:13-81
291            android:exported="false"
291-->src/main/AndroidManifest.xml:256:13-37
292            android:screenOrientation="portrait" />
292-->src/main/AndroidManifest.xml:255:13-49
293        <activity
293-->src/main/AndroidManifest.xml:257:9-260:39
294            android:name="com.justforentrepreneurs.j4eapp.abmainj4e.ui.homemydiary.myguestinvites.MyGuestInvitesActivity"
294-->src/main/AndroidManifest.xml:258:13-91
295            android:exported="false"
295-->src/main/AndroidManifest.xml:260:13-37
296            android:screenOrientation="portrait" />
296-->src/main/AndroidManifest.xml:259:13-49
297        <activity
297-->src/main/AndroidManifest.xml:261:9-264:39
298            android:name="com.justforentrepreneurs.j4eapp.abmainj4e.ui.homemydiary.mylead.MyLeadsActivity"